<?xml version="1.0" encoding="UTF-8"?>
<!-- Generated by org.testng.reporters.JUnitReportReporter -->
<testsuite hostname="HarshaaSri" failures="0" tests="1" name="adnabu.productsearch_filtering" time="6.698" errors="0" timestamp="2023-11-25T17:54:46 IST" skipped="0">
  <testcase classname="adnabu.productsearch_filtering" name="productsearch" time="6.698"/>
  <system-out>
    <![CDATA[task1]]>
  </system-out>
</testsuite> <!-- adnabu.productsearch_filtering -->
