<?xml version="1.0" encoding="UTF-8"?>
<!-- Generated by org.testng.reporters.JUnitReportReporter -->
<testsuite hostname="HarshaaSri" failures="0" tests="1" name="adnabu.Invalidpro" time="5.916" errors="0" timestamp="2023-11-25T18:23:16 IST" skipped="0">
  <testcase classname="adnabu.Invalidpro" name="invalid" time="5.916"/>
  <system-out>
    <![CDATA[task1]]>
  </system-out>
</testsuite> <!-- adnabu.Invalidpro -->
