<?xml version="1.0" encoding="UTF-8"?>
<!-- Generated by org.testng.reporters.JUnitReportReporter -->
<testsuite hostname="HarshaaSri" failures="0" tests="1" name="adnabu.difflang" time="10.276" errors="0" timestamp="2023-11-25T20:26:30 IST" skipped="0">
  <testcase classname="adnabu.difflang" name="mixedlang" time="10.276"/>
  <system-out>
    <![CDATA[task1]]>
  </system-out>
</testsuite> <!-- adnabu.difflang -->
