<?xml version="1.0" encoding="UTF-8"?>
<!-- Generated by org.testng.reporters.JUnitReportReporter -->
<testsuite hostname="HarshaaSri" failures="0" tests="1" name="adnabu.unesspaces" time="5.830" errors="0" timestamp="2023-11-25T18:12:38 IST" skipped="0">
  <testcase classname="adnabu.unesspaces" name="Unnecessaryspaces" time="5.830"/>
  <system-out>
    <![CDATA[task1]]>
  </system-out>
</testsuite> <!-- adnabu.unesspaces -->
