<?xml version="1.0" encoding="UTF-8"?>
<!-- Generated by org.testng.reporters.JUnitReportReporter -->
<testsuite hostname="HarshaaSri" failures="0" tests="1" name="adnabu.search2" time="5.905" errors="0" timestamp="2023-11-25T17:55:16 IST" skipped="0">
  <testcase classname="adnabu.search2" name="psearch" time="5.905"/>
  <system-out>
    <![CDATA[task1]]>
  </system-out>
</testsuite> <!-- adnabu.search2 -->
