<?xml version="1.0" encoding="UTF-8"?>
<!-- Generated by org.testng.reporters.JUnitReportReporter -->
<testsuite hostname="HarshaaSri" failures="0" tests="1" name="adnabu.incorrectCaps" time="6.162" errors="0" timestamp="2023-11-25T18:09:58 IST" skipped="0">
  <testcase classname="adnabu.incorrectCaps" name="Capitalletter" time="6.162"/>
  <system-out>
    <![CDATA[task1]]>
  </system-out>
</testsuite> <!-- adnabu.incorrectCaps -->
