<?xml version="1.0" encoding="UTF-8"?>
<!-- Generated by org.testng.reporters.JUnitReportReporter -->
<testsuite hostname="HarshaaSri" failures="0" tests="1" name="adnabu.emptysearch" time="6.090" errors="0" timestamp="2023-11-25T18:16:40 IST" skipped="0">
  <testcase classname="adnabu.emptysearch" name="empty" time="6.090"/>
  <system-out>
    <![CDATA[task1]]>
  </system-out>
</testsuite> <!-- adnabu.emptysearch -->
