<?xml version="1.0" encoding="UTF-8"?>
<!-- Generated by org.testng.reporters.JUnitReportReporter -->
<testsuite hostname="HarshaaSri" failures="0" tests="1" name="adnabu.Adding_Removing_Cart" time="18.878" errors="0" timestamp="2023-11-25T18:49:28 IST" skipped="0">
  <testcase classname="adnabu.Adding_Removing_Cart" name="Cart" time="18.878"/>
  <system-out>
    <![CDATA[task1]]>
  </system-out>
</testsuite> <!-- adnabu.Adding_Removing_Cart -->
